    0     0 systemd
    0     0 kthreadd
    0     0 ksoftirqd/0
    0     0 kworker/0:0H
    0     0 migration/0
    0     0 rcu_bh
    0     0 rcu_sched
    0     0 lru-add-drain
    0     0 watchdog/0
    0     0 kdevtmpfs
    0     0 netns
    0     0 khungtaskd
    0     0 writeback
    0     0 kintegrityd
    0     0 bioset
    0     0 bioset
    0     0 bioset
    0     0 kblockd
    0     0 md
    0     0 edac-poller
    0     0 watchdogd
    0     0 kswapd0
    0     0 ksmd
    0     0 khugepaged
    0     0 crypto
    0     0 kthrotld
    0     0 kmpath_rdacd
    0     0 kaluad
    0     0 kpsmoused
    0     0 ipv6_addrconf
    0     0 deferwq
    0     0 kauditd
    0     0 ata_sff
    0     0 scsi_eh_0
    0     0 scsi_tmf_0
    0     0 scsi_eh_1
    0     0 scsi_tmf_1
    0     0 scsi_eh_2
    0     0 scsi_tmf_2
    0     0 kdmflush
    0     0 bioset
    0     0 kdmflush
    0     0 bioset
    0     0 bioset
    0     0 xfsalloc
    0     0 xfs_mru_cache
    0     0 xfs-buf/dm-0
    0     0 xfs-data/dm-0
    0     0 xfs-conv/dm-0
    0     0 xfs-cil/dm-0
    0     0 xfs-reclaim/dm-
    0     0 xfs-log/dm-0
    0     0 xfs-eofblocks/d
    0     0 xfsaild/dm-0
    0     0 kworker/0:1H
    0     0 systemd-journal
    0     0 iprt-VBoxWQueue
    0     0 ttm_swap
    0     0 xfs-buf/sda1
    0     0 xfs-data/sda1
    0     0 xfs-conv/sda1
    0     0 xfs-cil/sda1
    0     0 xfs-reclaim/sda
    0     0 xfs-log/sda1
    0     0 xfs-eofblocks/s
    0     0 xfsaild/sda1
    0     0 kdmflush
    0     0 bioset
    0     0 xfs-buf/dm-2
    0     0 xfs-data/dm-2
    0     0 xfs-conv/dm-2
    0     0 xfs-cil/dm-2
    0     0 xfs-reclaim/dm-
    0     0 xfs-log/dm-2
    0     0 xfs-eofblocks/d
    0     0 xfsaild/dm-2
    0     0 rpciod
    0     0 xprtiod
    0     0 auditd
    0     0 audispd
    0     0 sedispatch
    0     0 abrtd
    0     0 abrt-watch-log
  997   997 lsmd
   70    70 avahi-daemon
    0     0 udisksd
   32    32 rpcbind
    0     0 smartd
    0     0 rngd
    0     0 ModemManager
    0     0 abrt-watch-log
  999   999 polkitd
    0     0 accounts-daemon
   81    81 dbus-daemon
   70    70 avahi-daemon
    0     0 gssproxy
  172   172 rtkit-daemon
    0     0 alsactl
    0     0 systemd-logind
    0     0 ksmtuned
    0     0 NetworkManager
    0     0 sshd
    0     0 tuned
    0     0 cupsd
    0     0 libvirtd
    0     0 atd
    0     0 crond
    0     0 master
   89    89 qmgr
   99    99 dnsmasq
    0     0 dnsmasq
    0     0 gdm
    0     0 VBoxService
    0     0 X
    0     0 upowerd
    0     0 boltd
    0     0 packagekitd
    0     0 wpa_supplicant
  996   996 colord
    0     0 gdm-session-wor
 1000  1000 gnome-keyring-d
   42    42 ibus-daemon
   42    42 ibus-dconf
   42    42 ibus-x11
 1000  1000 gnome-session-b
 1000  1000 dbus-launch
 1000  1000 dbus-daemon
 1000  1000 imsettings-daem
 1000  1000 gvfsd
 1000  1000 gvfsd-fuse
 1000  1000 VBoxClient
 1000  1000 VBoxClient
 1000  1000 VBoxClient
 1000  1000 VBoxClient
 1000  1000 VBoxClient
 1000  1000 VBoxClient
 1000  1000 VBoxClient
 1000  1000 VBoxClient
 1000  1000 ssh-agent
 1000  1000 at-spi-bus-laun
 1000  1000 dbus-daemon
 1000  1000 at-spi2-registr
 1000  1000 gnome-shell
 1000  1000 pulseaudio
 1000  1000 ibus-daemon
 1000  1000 ibus-dconf
 1000  1000 ibus-x11
 1000  1000 ibus-portal
 1000  1000 xdg-permission-
 1000  1000 gnome-shell-cal
 1000  1000 evolution-sourc
 1000  1000 mission-control
 1000  1000 gvfs-udisks2-vo
 1000  1000 gvfs-gphoto2-vo
 1000  1000 goa-daemon
 1000  1000 gvfs-mtp-volume
 1000  1000 gvfs-goa-volume
 1000  1000 goa-identity-se
 1000  1000 gvfs-afc-volume
 1000  1000 gsd-power
 1000  1000 gsd-print-notif
 1000  1000 gsd-rfkill
 1000  1000 gsd-screensaver
 1000  1000 gsd-sharing
 1000  1000 gsd-sound
 1000  1000 gsd-xsettings
 1000  1000 gsd-wacom
 1000  1000 gsd-smartcard
 1000  1000 gsd-a11y-settin
 1000  1000 gsd-clipboard
 1000  1000 gsd-color
 1000  1000 gsd-datetime
 1000  1000 gsd-housekeepin
 1000  1000 gsd-keyboard
 1000  1000 gsd-media-keys
 1000  1000 gsd-mouse
 1000  1000 gsd-account
 1000  1000 gsd-printer
 1000  1000 nautilus-deskto
 1000  1000 gvfsd-trash
 1000  1000 gnome-software
 1000  1000 gsd-disk-utilit
 1000  1000 seapplet
 1000  1000 abrt-applet
 1000  1000 evolution-alarm
 1000  1000 evolution-calen
 1000  1000 ibus-engine-sim
 1000  1000 tracker-extract
 1000  1000 tracker-miner-a
 1000  1000 tracker-miner-f
 1000  1000 tracker-miner-u
 1000  1000 tracker-store
 1000  1000 evolution-calen
 1000  1000 dconf-service
 1000  1000 evolution-addre
 1000  1000 evolution-addre
 1000  1000 gvfsd-burn
    0     0 fwupd
 1000  1000 gvfsd-metadata
    0     0 firewalld
    0     0 lvmetad
    0     0 rsyslogd
 1000  1000 ssh-agent
 1000  1000 ssh-agent
    0     0 dhclient
 1000  1000 firefox
 1000  1000 Web Content
 1000  1000 gconfd-2
 1000  1000 Web Content
 1000  1000 Web Content
 1000  1000 gvfsd-network
 1000  1000 gvfsd-dnssd
 1000  1000 Web Content
    0     0 systemd-udevd
 1000  1000 gnome-terminal-
 1000  1000 gnome-pty-helpe
   89    89 pickup
    0     0 kworker/0:2
    0     0 kworker/u2:0
    0     0 kworker/0:3
    0     0 kworker/u2:2
    0     0 kworker/0:1
 1000  1000 bash
    0     0 abrt-dbus
    0     0 sleep
 1000  1000 lab4.sh
 1000  1000 ps
 1000  1000 tail
